[2026-05-21T16:45:53.047Z] INFO  [L081] L081: C:\Users\tombl\Documents\lurek2D\lurek.log
[2026-05-21T16:45:53.058Z] INFO  [L001] Lurek2D Engine starting: v1.0.0 (wgpu GPU backend)
[2026-05-21T16:45:53.058Z] INFO  [L080] Game directory: content/examples/ui.lua
[2026-05-21T16:45:53.232Z] WARN  InstanceFlags::VALIDATION requested, but unable to find layer: VK_LAYER_KHRONOS_validation
[2026-05-21T16:45:53.235Z] WARN  GENERAL [Loader Message (0x0)]
	windows_read_data_files_in_registry: Registry lookup failed to get layer manifest files.
[2026-05-21T16:45:53.235Z] WARN  	objects: (type: INSTANCE, hndl: 0x146e9c0d930, name: ?)
[2026-05-21T16:45:53.428Z] WARN  Unable to enable D3D12 debug interface: 0x887A002D
[2026-05-21T16:45:53.428Z] WARN  Unable to enable DXGI debug interface: 0x887A002D
[2026-05-21T16:45:53.445Z] WARN  Unrecognized present mode 1000361000
[2026-05-21T16:45:54.030Z] INFO  [L033] GPU adapter selected: NVIDIA GeForce RTX 4060 Laptop GPU (Vulkan, DiscreteGpu) [backend=auto, power=high]
[2026-05-21T16:45:54.077Z] WARN  Unrecognized present mode 1000361000
[2026-05-21T16:45:54.078Z] INFO  [L034] GPU texture dimension limit: 32768
[2026-05-21T16:45:54.081Z] WARN  Unrecognized present mode 1000361000
[2026-05-21T16:45:54.487Z] INFO  [L035] GPU initialised: 1s (format=Bgra8UnormSrgb, present=Fifo, 800x600)
[2026-05-21T16:45:54.491Z] DEBUG Loaded 846 mappings.
[2026-05-21T16:45:54.518Z] WARN  Unrecognized present mode 1000361000
[2026-05-21T16:45:54.524Z] WARN  Unrecognized present mode 1000361000
[2026-05-21T16:45:54.530Z] DEBUG [FS01] GameFS initialised
[2026-05-21T16:45:54.608Z] DEBUG [AT01] Simulator created
[2026-05-21T16:45:54.615Z] DEBUG [SC01] SC01
[2026-05-21T16:45:54.619Z] DEBUG [GU01] GuiContext created
[2026-05-21T16:45:54.623Z] WARN  [L007] No main.lua found in game directory: content/examples/ui.lua
[2026-05-21T16:45:54.623Z] INFO  [L006] Splash screen — no game loaded
